<?xml version="1.0" encoding="UTF-8"?>
<!-- Generated by org.testng.reporters.JUnitReportReporter -->
<testsuite hostname="DESKTOP-Ayesha" failures="0" tests="1" name="Sprint_Two.SprintTwoAllOperations" time="305.196" errors="0" timestamp="2024-07-30T17:50:31 IST" skipped="0">
  <testcase classname="Sprint_Two.SprintTwoAllOperations" name="AllOperationsUiTest" time="305.196"/>
  <system-out/>
</testsuite> <!-- Sprint_Two.SprintTwoAllOperations -->
