<?xml version="1.0" encoding="UTF-8"?>
<!-- Generated by org.testng.reporters.JUnitReportReporter -->
<testsuite hostname="DESKTOP-Ayesha" failures="0" tests="1" name="Sprint_One.SprintOneAllOperations" time="273.223" errors="0" timestamp="2024-07-25T15:51:09 IST" skipped="0">
  <testcase classname="Sprint_One.SprintOneAllOperations" name="AllactionsUiTest" time="273.223"/>
  <system-out/>
</testsuite> <!-- Sprint_One.SprintOneAllOperations -->
