<?xml version="1.0" encoding="UTF-8"?>
<!-- Generated by org.testng.reporters.JUnitReportReporter -->
<testsuite hostname="DESKTOP-Ayesha" failures="0" tests="1" name="Sprint_Two.SprintTwoAllOperations" time="458.169" errors="0" timestamp="2024-07-31T15:27:23 IST" skipped="0">
  <testcase classname="Sprint_Two.SprintTwoAllOperations" name="AllOperationsUiTest" time="458.169"/>
  <system-out/>
</testsuite> <!-- Sprint_Two.SprintTwoAllOperations -->
