<?xml version="1.0" encoding="UTF-8"?>
<!-- Generated by org.testng.reporters.JUnitReportReporter -->
<testsuite hostname="DESKTOP-Ayesha" failures="0" tests="1" name="Sprint_Two.SprintTwoAllOperations" time="663.344" errors="0" timestamp="2024-09-03T11:44:38 IST" skipped="0">
  <testcase classname="Sprint_Two.SprintTwoAllOperations" name="AllOperationsUiTest" time="663.344"/>
  <system-out/>
</testsuite> <!-- Sprint_Two.SprintTwoAllOperations -->
