<?xml version="1.0" encoding="UTF-8"?>
<!-- Generated by org.testng.reporters.JUnitReportReporter -->
<testsuite hostname="DESKTOP-Ayesha" failures="0" tests="1" name="Sprint_One.SprintOneAllOperations" time="495.313" errors="0" timestamp="2024-08-28T11:42:01 IST" skipped="0">
  <testcase classname="Sprint_One.SprintOneAllOperations" name="AllactionsUiTest" time="495.313"/>
  <system-out/>
</testsuite> <!-- Sprint_One.SprintOneAllOperations -->
